<?xml version="1.0" encoding="UTF-8"?>
<!-- Generated by org.testng.reporters.JUnitReportReporter -->
<testsuite hostname="ASUS" failures="0" tests="3" name="task_9.task9_3Test" time="4.223" errors="0" timestamp="2022-10-04T16:58:37 MSK" skipped="0">
  <testcase classname="task_9.task9_3Test" name="addItemToCartTest" time="1.120"/>
  <system-out>
    <![CDATA[Cool, this test passed => addItemToCartTest]]>
  </system-out>
  <testcase classname="task_9.task9_3Test" name="addItemToCartTest" time="2.294"/>
  <system-out>
    <![CDATA[Cool, this test passed => addItemToCartTest]]>
  </system-out>
  <testcase classname="task_9.task9_3Test" name="addItemToCartTest" time="0.809"/>
  <system-out>
    <![CDATA[Cool, this test passed => addItemToCartTest]]>
  </system-out>
</testsuite> <!-- task_9.task9_3Test -->
