<?xml version="1.0" encoding="UTF-8"?>
<!-- Generated by org.testng.reporters.JUnitReportReporter -->
<testsuite hostname="ASUS" failures="0" tests="1" name="task_12.task12_2Test" time="4.666" errors="0" timestamp="2022-10-16T21:16:55 MSK" skipped="0">
  <testcase classname="task_12.task12_2Test" name="emailTransformationTest" time="4.666"/>
  <system-out/>
</testsuite> <!-- task_12.task12_2Test -->
