<?xml version="1.0" encoding="UTF-8"?>
<!-- Generated by org.testng.reporters.JUnitReportReporter -->
<testsuite hostname="ASUS" failures="0" tests="4" name="task_9.task9_2Test" time="1.239" errors="0" timestamp="2022-10-04T16:58:37 MSK" skipped="0">
  <testcase classname="task_9.task9_2Test" name="addItemToCartTest" time="0.157"/>
  <system-out>
    <![CDATA[Cool, this test passed => addItemToCartTest]]>
  </system-out>
  <testcase classname="task_9.task9_2Test" name="addItemToCartTest" time="0.095"/>
  <system-out>
    <![CDATA[Cool, this test passed => addItemToCartTest]]>
  </system-out>
  <testcase classname="task_9.task9_2Test" name="addItemToCartTest" time="0.550"/>
  <system-out>
    <![CDATA[Cool, this test passed => addItemToCartTest]]>
  </system-out>
  <testcase classname="task_9.task9_2Test" name="deleteItemsFromCartTest" time="0.437"/>
  <system-out>
    <![CDATA[Cool, this test passed => deleteItemsFromCartTest]]>
  </system-out>
</testsuite> <!-- task_9.task9_2Test -->
