<?xml version="1.0" encoding="UTF-8"?>
<!-- Generated by org.testng.reporters.JUnitReportReporter -->
<testsuite hostname="ASUS" failures="0" tests="4" name="task_9.task9_1Test" time="3.898" errors="0" timestamp="2022-10-04T16:58:37 MSK" skipped="0">
  <testcase classname="task_9.task9_1Test" name="loginTest1" time="1.387"/>
  <system-out>
    <![CDATA[Cool, this test passed => loginTest1]]>
  </system-out>
  <testcase classname="task_9.task9_1Test" name="loginTest2" time="0.761"/>
  <system-out>
    <![CDATA[Cool, this test passed => loginTest2]]>
  </system-out>
  <testcase classname="task_9.task9_1Test" name="loginTest2" time="1.227"/>
  <system-out>
    <![CDATA[Cool, this test passed => loginTest2]]>
  </system-out>
  <testcase classname="task_9.task9_1Test" name="loginTest2" time="0.523"/>
  <system-out>
    <![CDATA[Cool, this test passed => loginTest2]]>
  </system-out>
</testsuite> <!-- task_9.task9_1Test -->
